<?xml version="1.0" encoding="UTF-8"?>
<testng-results ignored="0" total="1" passed="1" failed="0" skipped="0">
  <reporter-output>
  </reporter-output>
  <suite started-at="2021-01-30T19:24:37 EST" name="Default suite" finished-at="2021-01-30T19:25:25 EST" duration-ms="48458">
    <groups>
    </groups>
    <test started-at="2021-01-30T19:24:37 EST" name="Default test" finished-at="2021-01-30T19:25:25 EST" duration-ms="48458">
      <class name="ExecutionEndToEnd.UtilTestNgSecondCup">
        <test-method is-config="true" signature="beforeTest()[pri:0, instance:ExecutionEndToEnd.UtilTestNgSecondCup@3c153a1]" started-at="2021-01-30T19:24:37 EST" name="beforeTest" finished-at="2021-01-30T19:24:40 EST" duration-ms="3072" status="PASS">
          <reporter-output>
          </reporter-output>
        </test-method> <!-- beforeTest -->
        <test-method is-config="true" signature="beforeClass()[pri:0, instance:ExecutionEndToEnd.UtilTestNgSecondCup@3c153a1]" started-at="2021-01-30T19:24:40 EST" name="beforeClass" finished-at="2021-01-30T19:24:41 EST" duration-ms="1511" status="PASS">
          <reporter-output>
          </reporter-output>
        </test-method> <!-- beforeClass -->
        <test-method is-config="true" signature="beforeMethod()[pri:0, instance:ExecutionEndToEnd.UtilTestNgSecondCup@3c153a1]" started-at="2021-01-30T19:24:41 EST" name="beforeMethod" finished-at="2021-01-30T19:24:43 EST" duration-ms="2002" status="PASS">
          <reporter-output>
          </reporter-output>
        </test-method> <!-- beforeMethod -->
        <test-method signature="functionalGiftCards()[pri:1, instance:ExecutionEndToEnd.UtilTestNgSecondCup@3c153a1]" started-at="2021-01-30T19:24:43 EST" name="functionalGiftCards" finished-at="2021-01-30T19:25:23 EST" duration-ms="39650" status="PASS">
          <reporter-output>
          </reporter-output>
        </test-method> <!-- functionalGiftCards -->
        <test-method is-config="true" signature="afterMethod()[pri:0, instance:ExecutionEndToEnd.UtilTestNgSecondCup@3c153a1]" started-at="2021-01-30T19:25:23 EST" name="afterMethod" finished-at="2021-01-30T19:25:23 EST" duration-ms="0" status="PASS">
          <reporter-output>
          </reporter-output>
        </test-method> <!-- afterMethod -->
        <test-method is-config="true" signature="finishingTest()[pri:0, instance:ExecutionEndToEnd.UtilTestNgSecondCup@3c153a1]" started-at="2021-01-30T19:25:23 EST" name="finishingTest" finished-at="2021-01-30T19:25:25 EST" duration-ms="2199" status="PASS">
          <reporter-output>
          </reporter-output>
        </test-method> <!-- finishingTest -->
      </class> <!-- ExecutionEndToEnd.UtilTestNgSecondCup -->
    </test> <!-- Default test -->
  </suite> <!-- Default suite -->
</testng-results>
